{"/Users/fabio/fresh/node-js-getting-started/somma.js": {"path":"/Users/fabio/fresh/node-js-getting-started/somma.js","statementMap":{"0":{"start":{"line":3,"column":6},"end":{"line":3,"column":7}},"1":{"start":{"line":4,"column":0},"end":{"line":5,"column":15}},"2":{"start":{"line":4,"column":11},"end":{"line":4,"column":24}},"3":{"start":{"line":5,"column":5},"end":{"line":5,"column":15}},"4":{"start":{"line":7,"column":0},"end":{"line":7,"column":21}}},"fnMap":{"0":{"name":"sum","decl":{"start":{"line":1,"column":9},"end":{"line":1,"column":12}},"loc":{"start":{"line":1,"column":19},"end":{"line":6,"column":1}},"line":1}},"branchMap":{"0":{"loc":{"start":{"line":4,"column":0},"end":{"line":5,"column":15}},"type":"if","locations":[{"start":{"line":4,"column":0},"end":{"line":5,"column":15}},{"start":{"line":4,"column":0},"end":{"line":5,"column":15}}],"line":4}},"s":{"0":2,"1":2,"2":1,"3":1,"4":1},"f":{"0":2},"b":{"0":[1,1]},"_coverageSchema":"332fd63041d2c1bcb487cc26dd0d5f7d97098a6c","hash":"6aaebbdfea3142be2d0e6cd11a284a1c8bad5217"}
}
